# JRE version: OpenJDK Runtime Environment (8.0_181-b13) (build 1.8.0_181-8u181-b13-0ubuntu0.18.04.1-b13)
# Java VM: OpenJDK 64-Bit Server VM (25.181-b13 mixed mode linux-amd64 compressed oops)
Heap:
 PSYoungGen      total 36864K, used 11716K [0x00000000d6d00000, 0x00000000d9600000, 0x0000000100000000)
  eden space 31744K, 20% used [0x00000000d6d00000,0x00000000d7379360,0x00000000d8c00000)
  from space 5120K, 99% used [0x00000000d9100000,0x00000000d95f8068,0x00000000d9600000)
  to   space 5120K, 0% used [0x00000000d8c00000,0x00000000d8c00000,0x00000000d9100000)
 ParOldGen       total 84992K, used 5387K [0x0000000084600000, 0x0000000089900000, 0x00000000d6d00000)
  object space 84992K, 6% used [0x0000000084600000,0x0000000084b42f00,0x0000000089900000)
 Metaspace       used 17671K, capacity 18774K, committed 18944K, reserved 1064960K
  class space    used 2575K, capacity 2809K, committed 2816K, reserved 1048576K
GC Heap History (4 events):
Event: 1,191 GC heap before
{Heap before GC invocations=1 (full 0):
 PSYoungGen      total 36864K, used 31744K [0x00000000d6d00000, 0x00000000d9600000, 0x0000000100000000)
  eden space 31744K, 100% used [0x00000000d6d00000,0x00000000d8c00000,0x00000000d8c00000)
  from space 5120K, 0% used [0x00000000d9100000,0x00000000d9100000,0x00000000d9600000)
  to   space 5120K, 0% used [0x00000000d8c00000,0x00000000d8c00000,0x00000000d9100000)
 ParOldGen       total 84992K, used 0K [0x0000000084600000, 0x0000000089900000, 0x00000000d6d00000)
  object space 84992K, 0% used [0x0000000084600000,0x0000000084600000,0x0000000089900000)
 Metaspace       used 10479K, capacity 10942K, committed 11136K, reserved 1058816K
  class space    used 1410K, capacity 1545K, committed 1664K, reserved 1048576K
Event: 1,201 GC heap after
Heap after GC invocations=1 (full 0):
 PSYoungGen      total 36864K, used 5107K [0x00000000d6d00000, 0x00000000d9600000, 0x0000000100000000)
  eden space 31744K, 0% used [0x00000000d6d00000,0x00000000d6d00000,0x00000000d8c00000)
  from space 5120K, 99% used [0x00000000d8c00000,0x00000000d90fcf58,0x00000000d9100000)
  to   space 5120K, 0% used [0x00000000d9100000,0x00000000d9100000,0x00000000d9600000)
 ParOldGen       total 84992K, used 1731K [0x0000000084600000, 0x0000000089900000, 0x00000000d6d00000)
  object space 84992K, 2% used [0x0000000084600000,0x00000000847b0f00,0x0000000089900000)
 Metaspace       used 10479K, capacity 10942K, committed 11136K, reserved 1058816K
  class space    used 1410K, capacity 1545K, committed 1664K, reserved 1048576K
}
Event: 6,615 GC heap before
{Heap before GC invocations=2 (full 0):
 PSYoungGen      total 36864K, used 36851K [0x00000000d6d00000, 0x00000000d9600000, 0x0000000100000000)
  eden space 31744K, 100% used [0x00000000d6d00000,0x00000000d8c00000,0x00000000d8c00000)
  from space 5120K, 99% used [0x00000000d8c00000,0x00000000d90fcf58,0x00000000d9100000)
  to   space 5120K, 0% used [0x00000000d9100000,0x00000000d9100000,0x00000000d9600000)
 ParOldGen       total 84992K, used 1731K [0x0000000084600000, 0x0000000089900000, 0x00000000d6d00000)
  object space 84992K, 2% used [0x0000000084600000,0x00000000847b0f00,0x0000000089900000)
 Metaspace       used 16642K, capacity 17496K, committed 17792K, reserved 1064960K
  class space    used 2386K, capacity 2588K, committed 2688K, reserved 1048576K
Event: 6,637 GC heap after
Heap after GC invocations=2 (full 0):
 PSYoungGen      total 36864K, used 5088K [0x00000000d6d00000, 0x00000000d9600000, 0x0000000100000000)
  eden space 31744K, 0% used [0x00000000d6d00000,0x00000000d6d00000,0x00000000d8c00000)
  from space 5120K, 99% used [0x00000000d9100000,0x00000000d95f8068,0x00000000d9600000)
  to   space 5120K, 0% used [0x00000000d8c00000,0x00000000d8c00000,0x00000000d9100000)
 ParOldGen       total 84992K, used 5387K [0x0000000084600000, 0x0000000089900000, 0x00000000d6d00000)
  object space 84992K, 6% used [0x0000000084600000,0x0000000084b42f00,0x0000000089900000)
 Metaspace       used 16642K, capacity 17496K, committed 17792K, reserved 1064960K
  class space    used 2386K, capacity 2588K, committed 2688K, reserved 1048576K
}

